<?xml version="1.0" encoding="UTF-8"?>
<testng-results ignored="0" total="1" passed="1" failed="0" skipped="0">
  <reporter-output>
  </reporter-output>
  <suite started-at="2024-01-17T10:52:08 IST" name="Default suite" finished-at="2024-01-17T10:52:11 IST" duration-ms="3539">
    <groups>
    </groups>
    <test started-at="2024-01-17T10:52:08 IST" name="Default test" finished-at="2024-01-17T10:52:11 IST" duration-ms="3539">
      <class name="test_mavan_project.test_demo_class">
        <test-method signature="test()[pri:0, instance:test_mavan_project.test_demo_class@15c43bd9]" started-at="2024-01-17T10:52:08 IST" name="test" finished-at="2024-01-17T10:52:11 IST" duration-ms="3480" status="PASS">
          <reporter-output>
          </reporter-output>
        </test-method> <!-- test -->
      </class> <!-- test_mavan_project.test_demo_class -->
    </test> <!-- Default test -->
  </suite> <!-- Default suite -->
</testng-results>
